<?xml version="1.0" encoding="UTF-8"?>
<beans xmlns="http://www.springframework.org/schema/beans"
       xmlns:xsi="http://www.w3.org/2001/XMLSchema-instance"
       xsi:schemaLocation="http://www.springframework.org/schema/beans http://www.springframework.org/schema/beans/spring-beans.xsd">

    <bean class="com.bjpowernode.ba05.School" id="school">
        <property name="name" value="北京大学"/>
        <property name="addr" value="北京市海淀区"/>
    </bean>
</beans>